\BOOKMARK [0][-]{chapter*.8}{Introduction}{}% 1
\BOOKMARK [0][-]{chapter.1}{Provenance}{}% 2
\BOOKMARK [0][-]{chapter.2}{PROV-DM}{}% 3
\BOOKMARK [0][-]{chapter.3}{Used\040technologies}{}% 4
\BOOKMARK [1][-]{section.3.1}{Java}{chapter.3}% 5
\BOOKMARK [1][-]{section.3.2}{Maven}{chapter.3}% 6
\BOOKMARK [1][-]{section.3.3}{Jetbrains\040IDEA}{chapter.3}% 7
\BOOKMARK [1][-]{section.3.4}{ProvToolBox}{chapter.3}% 8
\BOOKMARK [2][-]{subsection.3.4.1}{PROV\040MODEL}{section.3.4}% 9
\BOOKMARK [2][-]{subsection.3.4.2}{PROV\040INTEROP:\040LIGHT}{section.3.4}% 10
\BOOKMARK [1][-]{section.3.5}{Jackson\040Databind}{chapter.3}% 11
\BOOKMARK [1][-]{section.3.6}{GitLab4J\040API}{chapter.3}% 12
\BOOKMARK [1][-]{section.3.7}{JLine\040Bundle}{chapter.3}% 13
\BOOKMARK [1][-]{section.3.8}{Jansi}{chapter.3}% 14
\BOOKMARK [1][-]{section.3.9}{Apache\040Maven\040Shade\040Plugin}{chapter.3}% 15
\BOOKMARK [0][-]{chapter.4}{Implementation}{}% 16
\BOOKMARK [1][-]{section.4.1}{Components}{chapter.4}% 17
\BOOKMARK [1][-]{section.4.2}{Simulation}{chapter.4}% 18
\BOOKMARK [1][-]{section.4.3}{Algorithm}{chapter.4}% 19
\BOOKMARK [1][-]{section.4.4}{Deployment}{chapter.4}% 20
\BOOKMARK [0][-]{chapter.5}{Manual}{}% 21
\BOOKMARK [1][-]{section.5.1}{Set-up}{chapter.5}% 22
\BOOKMARK [2][-]{subsection.5.1.1}{Clone\040the\040repo}{section.5.1}% 23
\BOOKMARK [2][-]{subsection.5.1.2}{Init\040simulation\040files}{section.5.1}% 24
\BOOKMARK [1][-]{section.5.2}{Building}{chapter.5}% 25
\BOOKMARK [1][-]{section.5.3}{Omitting\040the\040simulated\040environment}{chapter.5}% 26
\BOOKMARK [0][-]{chapter.6}{Real\040life\040application}{}% 27
\BOOKMARK [0][-]{chapter*.10}{Bibliography}{}% 28
